<?xml version="1.0" encoding="UTF-8"?>
<!-- Generated by org.testng.reporters.JUnitReportReporter -->
<testsuite skipped="0" hostname="DESKTOP-E9QP468" name="testCases.BrowserNavigation" tests="1" failures="0" timestamp="13 Nov 2018 04:49:53 GMT" time="32.071" errors="0">
  <testcase name="Test1" time="32.071" classname="testCases.BrowserNavigation"/>
</testsuite> <!-- testCases.BrowserNavigation -->
